
*** Running vivado
    with args -log user_proj_example.vds -m64 -product Vivado -mode batch -messageDb vivado.pb -notrace -source user_proj_example.tcl


****** Vivado v2022.1 (64-bit)
  **** SW Build 3526262 on Mon Apr 18 15:47:01 MDT 2022
  **** IP Build 3524634 on Mon Apr 18 20:55:01 MDT 2022
    ** Copyright 1986-2022 Xilinx, Inc. All Rights Reserved.

source user_proj_example.tcl -notrace
Command: read_checkpoint -auto_incremental -incremental /home/ubuntu/Desktop/project_3/project_3.srcs/utils_1/imports/synth_1/user_proj_example.dcp
INFO: [Vivado 12-5825] Read reference checkpoint from /home/ubuntu/Desktop/project_3/project_3.srcs/utils_1/imports/synth_1/user_proj_example.dcp for incremental synthesis
INFO: [Vivado 12-7989] Please ensure there are no constraint changes
Command: synth_design -top user_proj_example -part xc7z020clg400-1
Starting synth_design
Attempting to get a license for feature 'Synthesis' and/or device 'xc7z020'
INFO: [Common 17-349] Got license for feature 'Synthesis' and/or device 'xc7z020'
INFO: [Device 21-403] Loading part xc7z020clg400-1
INFO: [Designutils 20-5440] No compile time benefit to using incremental synthesis; A full resynthesis will be run
INFO: [Designutils 20-4379] Flow is switching to default flow due to incremental criteria not met. If you would like to alter this behaviour and have the flow terminate instead, please set the following parameter config_implementation {autoIncr.Synth.RejectBehavior Terminate}
INFO: [Synth 8-7079] Multithreading enabled for synth_design using a maximum of 4 processes.
INFO: [Synth 8-7078] Launching helper process for spawning children vivado processes
INFO: [Synth 8-7075] Helper process launched with PID 7466
WARNING: [Synth 8-9971] redeclaration of ansi port 'io_in' is not allowed [/home/ubuntu/Desktop/project_3/project_3.srcs/sources_1/new/user_proj_example.counter.v:75]
WARNING: [Synth 8-9971] redeclaration of ansi port 'io_out' is not allowed [/home/ubuntu/Desktop/project_3/project_3.srcs/sources_1/new/user_proj_example.counter.v:76]
WARNING: [Synth 8-9971] redeclaration of ansi port 'io_oeb' is not allowed [/home/ubuntu/Desktop/project_3/project_3.srcs/sources_1/new/user_proj_example.counter.v:77]
WARNING: [Synth 8-9887] parameter declaration becomes local in 'user_proj_example' with formal parameter declaration list [/home/ubuntu/Desktop/project_3/project_3.srcs/sources_1/new/user_proj_example.counter.v:97]
WARNING: [Synth 8-9887] parameter declaration becomes local in 'user_proj_example' with formal parameter declaration list [/home/ubuntu/Desktop/project_3/project_3.srcs/sources_1/new/user_proj_example.counter.v:98]
WARNING: [Synth 8-9887] parameter declaration becomes local in 'user_proj_example' with formal parameter declaration list [/home/ubuntu/Desktop/project_3/project_3.srcs/sources_1/new/user_proj_example.counter.v:99]
WARNING: [Synth 8-9887] parameter declaration becomes local in 'user_proj_example' with formal parameter declaration list [/home/ubuntu/Desktop/project_3/project_3.srcs/sources_1/new/user_proj_example.counter.v:100]
WARNING: [Synth 8-9887] parameter declaration becomes local in 'user_proj_example' with formal parameter declaration list [/home/ubuntu/Desktop/project_3/project_3.srcs/sources_1/new/user_proj_example.counter.v:101]
---------------------------------------------------------------------------------
Starting RTL Elaboration : Time (s): cpu = 00:00:03 ; elapsed = 00:00:04 . Memory (MB): peak = 2903.078 ; gain = 0.000 ; free physical = 1075 ; free virtual = 4846
---------------------------------------------------------------------------------
INFO: [Synth 8-6157] synthesizing module 'user_proj_example' [/home/ubuntu/Desktop/project_3/project_3.srcs/sources_1/new/user_proj_example.counter.v:38]
INFO: [Synth 8-155] case statement is not full and has no default [/home/ubuntu/Desktop/project_3/project_3.srcs/sources_1/new/user_proj_example.counter.v:185]
INFO: [Synth 8-155] case statement is not full and has no default [/home/ubuntu/Desktop/project_3/project_3.srcs/sources_1/new/user_proj_example.counter.v:196]
INFO: [Synth 8-6157] synthesizing module 'fir' [/home/ubuntu/Desktop/project_3/project_3.srcs/sources_1/new/user_proj_example.counter.v:288]
INFO: [Synth 8-6155] done synthesizing module 'fir' (0#1) [/home/ubuntu/Desktop/project_3/project_3.srcs/sources_1/new/user_proj_example.counter.v:288]
INFO: [Synth 8-6157] synthesizing module 'bram11' [/home/ubuntu/Desktop/project_3/project_3.srcs/sources_1/new/bram11.v:3]
INFO: [Synth 8-6155] done synthesizing module 'bram11' (0#1) [/home/ubuntu/Desktop/project_3/project_3.srcs/sources_1/new/bram11.v:3]
INFO: [Synth 8-6157] synthesizing module 'bram' [/home/ubuntu/Desktop/project_3/project_3.srcs/sources_1/new/bram.v:1]
INFO: [Synth 8-6155] done synthesizing module 'bram' (0#1) [/home/ubuntu/Desktop/project_3/project_3.srcs/sources_1/new/bram.v:1]
INFO: [Synth 8-6155] done synthesizing module 'user_proj_example' (0#1) [/home/ubuntu/Desktop/project_3/project_3.srcs/sources_1/new/user_proj_example.counter.v:38]
WARNING: [Synth 8-3917] design user_proj_example has port la_data_out[127] driven by constant 0
WARNING: [Synth 8-3917] design user_proj_example has port la_data_out[126] driven by constant 0
WARNING: [Synth 8-3917] design user_proj_example has port la_data_out[125] driven by constant 0
WARNING: [Synth 8-3917] design user_proj_example has port la_data_out[124] driven by constant 0
WARNING: [Synth 8-3917] design user_proj_example has port la_data_out[123] driven by constant 0
WARNING: [Synth 8-3917] design user_proj_example has port la_data_out[122] driven by constant 0
WARNING: [Synth 8-3917] design user_proj_example has port la_data_out[121] driven by constant 0
WARNING: [Synth 8-3917] design user_proj_example has port la_data_out[120] driven by constant 0
WARNING: [Synth 8-3917] design user_proj_example has port la_data_out[119] driven by constant 0
WARNING: [Synth 8-3917] design user_proj_example has port la_data_out[118] driven by constant 0
WARNING: [Synth 8-3917] design user_proj_example has port la_data_out[117] driven by constant 0
WARNING: [Synth 8-3917] design user_proj_example has port la_data_out[116] driven by constant 0
WARNING: [Synth 8-3917] design user_proj_example has port la_data_out[115] driven by constant 0
WARNING: [Synth 8-3917] design user_proj_example has port la_data_out[114] driven by constant 0
WARNING: [Synth 8-3917] design user_proj_example has port la_data_out[113] driven by constant 0
WARNING: [Synth 8-3917] design user_proj_example has port la_data_out[112] driven by constant 0
WARNING: [Synth 8-3917] design user_proj_example has port la_data_out[111] driven by constant 0
WARNING: [Synth 8-3917] design user_proj_example has port la_data_out[110] driven by constant 0
WARNING: [Synth 8-3917] design user_proj_example has port la_data_out[109] driven by constant 0
WARNING: [Synth 8-3917] design user_proj_example has port la_data_out[108] driven by constant 0
WARNING: [Synth 8-3917] design user_proj_example has port la_data_out[107] driven by constant 0
WARNING: [Synth 8-3917] design user_proj_example has port la_data_out[106] driven by constant 0
WARNING: [Synth 8-3917] design user_proj_example has port la_data_out[105] driven by constant 0
WARNING: [Synth 8-3917] design user_proj_example has port la_data_out[104] driven by constant 0
WARNING: [Synth 8-3917] design user_proj_example has port la_data_out[103] driven by constant 0
WARNING: [Synth 8-3917] design user_proj_example has port la_data_out[102] driven by constant 0
WARNING: [Synth 8-3917] design user_proj_example has port la_data_out[101] driven by constant 0
WARNING: [Synth 8-3917] design user_proj_example has port la_data_out[100] driven by constant 0
WARNING: [Synth 8-3917] design user_proj_example has port la_data_out[99] driven by constant 0
WARNING: [Synth 8-3917] design user_proj_example has port la_data_out[98] driven by constant 0
WARNING: [Synth 8-3917] design user_proj_example has port la_data_out[97] driven by constant 0
WARNING: [Synth 8-3917] design user_proj_example has port la_data_out[96] driven by constant 0
WARNING: [Synth 8-3917] design user_proj_example has port la_data_out[95] driven by constant 0
WARNING: [Synth 8-3917] design user_proj_example has port la_data_out[94] driven by constant 0
WARNING: [Synth 8-3917] design user_proj_example has port la_data_out[93] driven by constant 0
WARNING: [Synth 8-3917] design user_proj_example has port la_data_out[92] driven by constant 0
WARNING: [Synth 8-3917] design user_proj_example has port la_data_out[91] driven by constant 0
WARNING: [Synth 8-3917] design user_proj_example has port la_data_out[90] driven by constant 0
WARNING: [Synth 8-3917] design user_proj_example has port la_data_out[89] driven by constant 0
WARNING: [Synth 8-3917] design user_proj_example has port la_data_out[88] driven by constant 0
WARNING: [Synth 8-3917] design user_proj_example has port la_data_out[87] driven by constant 0
WARNING: [Synth 8-3917] design user_proj_example has port la_data_out[86] driven by constant 0
WARNING: [Synth 8-3917] design user_proj_example has port la_data_out[85] driven by constant 0
WARNING: [Synth 8-3917] design user_proj_example has port la_data_out[84] driven by constant 0
WARNING: [Synth 8-3917] design user_proj_example has port la_data_out[83] driven by constant 0
WARNING: [Synth 8-3917] design user_proj_example has port la_data_out[82] driven by constant 0
WARNING: [Synth 8-3917] design user_proj_example has port la_data_out[81] driven by constant 0
WARNING: [Synth 8-3917] design user_proj_example has port la_data_out[80] driven by constant 0
WARNING: [Synth 8-3917] design user_proj_example has port la_data_out[79] driven by constant 0
WARNING: [Synth 8-3917] design user_proj_example has port la_data_out[78] driven by constant 0
WARNING: [Synth 8-3917] design user_proj_example has port la_data_out[77] driven by constant 0
WARNING: [Synth 8-3917] design user_proj_example has port la_data_out[76] driven by constant 0
WARNING: [Synth 8-3917] design user_proj_example has port la_data_out[75] driven by constant 0
WARNING: [Synth 8-3917] design user_proj_example has port la_data_out[74] driven by constant 0
WARNING: [Synth 8-3917] design user_proj_example has port la_data_out[73] driven by constant 0
WARNING: [Synth 8-3917] design user_proj_example has port la_data_out[72] driven by constant 0
WARNING: [Synth 8-3917] design user_proj_example has port la_data_out[71] driven by constant 0
WARNING: [Synth 8-3917] design user_proj_example has port la_data_out[70] driven by constant 0
WARNING: [Synth 8-3917] design user_proj_example has port la_data_out[69] driven by constant 0
WARNING: [Synth 8-3917] design user_proj_example has port la_data_out[68] driven by constant 0
WARNING: [Synth 8-3917] design user_proj_example has port la_data_out[67] driven by constant 0
WARNING: [Synth 8-3917] design user_proj_example has port la_data_out[66] driven by constant 0
WARNING: [Synth 8-3917] design user_proj_example has port la_data_out[65] driven by constant 0
WARNING: [Synth 8-3917] design user_proj_example has port la_data_out[64] driven by constant 0
WARNING: [Synth 8-3917] design user_proj_example has port la_data_out[63] driven by constant 0
WARNING: [Synth 8-3917] design user_proj_example has port la_data_out[62] driven by constant 0
WARNING: [Synth 8-3917] design user_proj_example has port la_data_out[61] driven by constant 0
WARNING: [Synth 8-3917] design user_proj_example has port la_data_out[60] driven by constant 0
WARNING: [Synth 8-3917] design user_proj_example has port la_data_out[59] driven by constant 0
WARNING: [Synth 8-3917] design user_proj_example has port la_data_out[58] driven by constant 0
WARNING: [Synth 8-3917] design user_proj_example has port la_data_out[57] driven by constant 0
WARNING: [Synth 8-3917] design user_proj_example has port la_data_out[56] driven by constant 0
WARNING: [Synth 8-3917] design user_proj_example has port la_data_out[55] driven by constant 0
WARNING: [Synth 8-3917] design user_proj_example has port la_data_out[54] driven by constant 0
WARNING: [Synth 8-3917] design user_proj_example has port la_data_out[53] driven by constant 0
WARNING: [Synth 8-3917] design user_proj_example has port la_data_out[52] driven by constant 0
WARNING: [Synth 8-3917] design user_proj_example has port la_data_out[51] driven by constant 0
WARNING: [Synth 8-3917] design user_proj_example has port la_data_out[50] driven by constant 0
WARNING: [Synth 8-3917] design user_proj_example has port la_data_out[49] driven by constant 0
WARNING: [Synth 8-3917] design user_proj_example has port la_data_out[48] driven by constant 0
WARNING: [Synth 8-3917] design user_proj_example has port la_data_out[47] driven by constant 0
WARNING: [Synth 8-3917] design user_proj_example has port la_data_out[46] driven by constant 0
WARNING: [Synth 8-3917] design user_proj_example has port la_data_out[45] driven by constant 0
WARNING: [Synth 8-3917] design user_proj_example has port la_data_out[44] driven by constant 0
WARNING: [Synth 8-3917] design user_proj_example has port la_data_out[43] driven by constant 0
WARNING: [Synth 8-3917] design user_proj_example has port la_data_out[42] driven by constant 0
WARNING: [Synth 8-3917] design user_proj_example has port la_data_out[41] driven by constant 0
WARNING: [Synth 8-3917] design user_proj_example has port la_data_out[40] driven by constant 0
WARNING: [Synth 8-3917] design user_proj_example has port la_data_out[39] driven by constant 0
WARNING: [Synth 8-3917] design user_proj_example has port la_data_out[38] driven by constant 0
WARNING: [Synth 8-3917] design user_proj_example has port la_data_out[37] driven by constant 0
WARNING: [Synth 8-3917] design user_proj_example has port la_data_out[36] driven by constant 0
WARNING: [Synth 8-3917] design user_proj_example has port la_data_out[35] driven by constant 0
WARNING: [Synth 8-3917] design user_proj_example has port la_data_out[34] driven by constant 0
WARNING: [Synth 8-3917] design user_proj_example has port la_data_out[33] driven by constant 0
WARNING: [Synth 8-3917] design user_proj_example has port la_data_out[32] driven by constant 0
WARNING: [Synth 8-3917] design user_proj_example has port io_out[38] driven by constant 0
WARNING: [Synth 8-3917] design user_proj_example has port io_out[37] driven by constant 0
WARNING: [Synth 8-3917] design user_proj_example has port io_out[36] driven by constant 0
WARNING: [Synth 8-3917] design user_proj_example has port io_out[35] driven by constant 0
INFO: [Common 17-14] Message 'Synth 8-3917' appears 100 times and further instances of the messages will be disabled. Use the Tcl command set_msg_config to change the current settings.
WARNING: [Synth 8-7129] Port A0[31] in module bram is either unconnected or has no load
WARNING: [Synth 8-7129] Port A0[30] in module bram is either unconnected or has no load
WARNING: [Synth 8-7129] Port A0[29] in module bram is either unconnected or has no load
WARNING: [Synth 8-7129] Port A0[28] in module bram is either unconnected or has no load
WARNING: [Synth 8-7129] Port A0[27] in module bram is either unconnected or has no load
WARNING: [Synth 8-7129] Port A0[26] in module bram is either unconnected or has no load
WARNING: [Synth 8-7129] Port A0[25] in module bram is either unconnected or has no load
WARNING: [Synth 8-7129] Port A0[24] in module bram is either unconnected or has no load
WARNING: [Synth 8-7129] Port A0[23] in module bram is either unconnected or has no load
WARNING: [Synth 8-7129] Port A0[22] in module bram is either unconnected or has no load
WARNING: [Synth 8-7129] Port A0[21] in module bram is either unconnected or has no load
WARNING: [Synth 8-7129] Port A0[20] in module bram is either unconnected or has no load
WARNING: [Synth 8-7129] Port A0[19] in module bram is either unconnected or has no load
WARNING: [Synth 8-7129] Port A0[18] in module bram is either unconnected or has no load
WARNING: [Synth 8-7129] Port A0[17] in module bram is either unconnected or has no load
WARNING: [Synth 8-7129] Port A0[16] in module bram is either unconnected or has no load
WARNING: [Synth 8-7129] Port A0[15] in module bram is either unconnected or has no load
WARNING: [Synth 8-7129] Port A0[14] in module bram is either unconnected or has no load
WARNING: [Synth 8-7129] Port A0[13] in module bram is either unconnected or has no load
WARNING: [Synth 8-7129] Port A0[12] in module bram is either unconnected or has no load
WARNING: [Synth 8-7129] Port A0[11] in module bram is either unconnected or has no load
WARNING: [Synth 8-7129] Port A0[10] in module bram is either unconnected or has no load
WARNING: [Synth 8-7129] Port la_data_in[127] in module user_proj_example is either unconnected or has no load
WARNING: [Synth 8-7129] Port la_data_in[126] in module user_proj_example is either unconnected or has no load
WARNING: [Synth 8-7129] Port la_data_in[125] in module user_proj_example is either unconnected or has no load
WARNING: [Synth 8-7129] Port la_data_in[124] in module user_proj_example is either unconnected or has no load
WARNING: [Synth 8-7129] Port la_data_in[123] in module user_proj_example is either unconnected or has no load
WARNING: [Synth 8-7129] Port la_data_in[122] in module user_proj_example is either unconnected or has no load
WARNING: [Synth 8-7129] Port la_data_in[121] in module user_proj_example is either unconnected or has no load
WARNING: [Synth 8-7129] Port la_data_in[120] in module user_proj_example is either unconnected or has no load
WARNING: [Synth 8-7129] Port la_data_in[119] in module user_proj_example is either unconnected or has no load
WARNING: [Synth 8-7129] Port la_data_in[118] in module user_proj_example is either unconnected or has no load
WARNING: [Synth 8-7129] Port la_data_in[117] in module user_proj_example is either unconnected or has no load
WARNING: [Synth 8-7129] Port la_data_in[116] in module user_proj_example is either unconnected or has no load
WARNING: [Synth 8-7129] Port la_data_in[115] in module user_proj_example is either unconnected or has no load
WARNING: [Synth 8-7129] Port la_data_in[114] in module user_proj_example is either unconnected or has no load
WARNING: [Synth 8-7129] Port la_data_in[113] in module user_proj_example is either unconnected or has no load
WARNING: [Synth 8-7129] Port la_data_in[112] in module user_proj_example is either unconnected or has no load
WARNING: [Synth 8-7129] Port la_data_in[111] in module user_proj_example is either unconnected or has no load
WARNING: [Synth 8-7129] Port la_data_in[110] in module user_proj_example is either unconnected or has no load
WARNING: [Synth 8-7129] Port la_data_in[109] in module user_proj_example is either unconnected or has no load
WARNING: [Synth 8-7129] Port la_data_in[108] in module user_proj_example is either unconnected or has no load
WARNING: [Synth 8-7129] Port la_data_in[107] in module user_proj_example is either unconnected or has no load
WARNING: [Synth 8-7129] Port la_data_in[106] in module user_proj_example is either unconnected or has no load
WARNING: [Synth 8-7129] Port la_data_in[105] in module user_proj_example is either unconnected or has no load
WARNING: [Synth 8-7129] Port la_data_in[104] in module user_proj_example is either unconnected or has no load
WARNING: [Synth 8-7129] Port la_data_in[103] in module user_proj_example is either unconnected or has no load
WARNING: [Synth 8-7129] Port la_data_in[102] in module user_proj_example is either unconnected or has no load
WARNING: [Synth 8-7129] Port la_data_in[101] in module user_proj_example is either unconnected or has no load
WARNING: [Synth 8-7129] Port la_data_in[100] in module user_proj_example is either unconnected or has no load
WARNING: [Synth 8-7129] Port la_data_in[99] in module user_proj_example is either unconnected or has no load
WARNING: [Synth 8-7129] Port la_data_in[98] in module user_proj_example is either unconnected or has no load
WARNING: [Synth 8-7129] Port la_data_in[97] in module user_proj_example is either unconnected or has no load
WARNING: [Synth 8-7129] Port la_data_in[96] in module user_proj_example is either unconnected or has no load
WARNING: [Synth 8-7129] Port la_data_in[95] in module user_proj_example is either unconnected or has no load
WARNING: [Synth 8-7129] Port la_data_in[94] in module user_proj_example is either unconnected or has no load
WARNING: [Synth 8-7129] Port la_data_in[93] in module user_proj_example is either unconnected or has no load
WARNING: [Synth 8-7129] Port la_data_in[92] in module user_proj_example is either unconnected or has no load
WARNING: [Synth 8-7129] Port la_data_in[91] in module user_proj_example is either unconnected or has no load
WARNING: [Synth 8-7129] Port la_data_in[90] in module user_proj_example is either unconnected or has no load
WARNING: [Synth 8-7129] Port la_data_in[89] in module user_proj_example is either unconnected or has no load
WARNING: [Synth 8-7129] Port la_data_in[88] in module user_proj_example is either unconnected or has no load
WARNING: [Synth 8-7129] Port la_data_in[87] in module user_proj_example is either unconnected or has no load
WARNING: [Synth 8-7129] Port la_data_in[86] in module user_proj_example is either unconnected or has no load
WARNING: [Synth 8-7129] Port la_data_in[85] in module user_proj_example is either unconnected or has no load
WARNING: [Synth 8-7129] Port la_data_in[84] in module user_proj_example is either unconnected or has no load
WARNING: [Synth 8-7129] Port la_data_in[83] in module user_proj_example is either unconnected or has no load
WARNING: [Synth 8-7129] Port la_data_in[82] in module user_proj_example is either unconnected or has no load
WARNING: [Synth 8-7129] Port la_data_in[81] in module user_proj_example is either unconnected or has no load
WARNING: [Synth 8-7129] Port la_data_in[80] in module user_proj_example is either unconnected or has no load
WARNING: [Synth 8-7129] Port la_data_in[79] in module user_proj_example is either unconnected or has no load
WARNING: [Synth 8-7129] Port la_data_in[78] in module user_proj_example is either unconnected or has no load
WARNING: [Synth 8-7129] Port la_data_in[77] in module user_proj_example is either unconnected or has no load
WARNING: [Synth 8-7129] Port la_data_in[76] in module user_proj_example is either unconnected or has no load
WARNING: [Synth 8-7129] Port la_data_in[75] in module user_proj_example is either unconnected or has no load
WARNING: [Synth 8-7129] Port la_data_in[74] in module user_proj_example is either unconnected or has no load
WARNING: [Synth 8-7129] Port la_data_in[73] in module user_proj_example is either unconnected or has no load
WARNING: [Synth 8-7129] Port la_data_in[72] in module user_proj_example is either unconnected or has no load
WARNING: [Synth 8-7129] Port la_data_in[71] in module user_proj_example is either unconnected or has no load
WARNING: [Synth 8-7129] Port la_data_in[70] in module user_proj_example is either unconnected or has no load
WARNING: [Synth 8-7129] Port la_data_in[69] in module user_proj_example is either unconnected or has no load
WARNING: [Synth 8-7129] Port la_data_in[68] in module user_proj_example is either unconnected or has no load
WARNING: [Synth 8-7129] Port la_data_in[67] in module user_proj_example is either unconnected or has no load
WARNING: [Synth 8-7129] Port la_data_in[66] in module user_proj_example is either unconnected or has no load
WARNING: [Synth 8-7129] Port la_data_in[63] in module user_proj_example is either unconnected or has no load
WARNING: [Synth 8-7129] Port la_data_in[62] in module user_proj_example is either unconnected or has no load
WARNING: [Synth 8-7129] Port la_data_in[61] in module user_proj_example is either unconnected or has no load
WARNING: [Synth 8-7129] Port la_data_in[60] in module user_proj_example is either unconnected or has no load
WARNING: [Synth 8-7129] Port la_data_in[59] in module user_proj_example is either unconnected or has no load
WARNING: [Synth 8-7129] Port la_data_in[58] in module user_proj_example is either unconnected or has no load
WARNING: [Synth 8-7129] Port la_data_in[57] in module user_proj_example is either unconnected or has no load
WARNING: [Synth 8-7129] Port la_data_in[56] in module user_proj_example is either unconnected or has no load
WARNING: [Synth 8-7129] Port la_data_in[55] in module user_proj_example is either unconnected or has no load
WARNING: [Synth 8-7129] Port la_data_in[54] in module user_proj_example is either unconnected or has no load
WARNING: [Synth 8-7129] Port la_data_in[53] in module user_proj_example is either unconnected or has no load
WARNING: [Synth 8-7129] Port la_data_in[52] in module user_proj_example is either unconnected or has no load
WARNING: [Synth 8-7129] Port la_data_in[51] in module user_proj_example is either unconnected or has no load
WARNING: [Synth 8-7129] Port la_data_in[50] in module user_proj_example is either unconnected or has no load
WARNING: [Synth 8-7129] Port la_data_in[49] in module user_proj_example is either unconnected or has no load
WARNING: [Synth 8-7129] Port la_data_in[48] in module user_proj_example is either unconnected or has no load
INFO: [Common 17-14] Message 'Synth 8-7129' appears 100 times and further instances of the messages will be disabled. Use the Tcl command set_msg_config to change the current settings.
---------------------------------------------------------------------------------
Finished RTL Elaboration : Time (s): cpu = 00:00:05 ; elapsed = 00:00:05 . Memory (MB): peak = 2903.078 ; gain = 0.000 ; free physical = 2157 ; free virtual = 5928
---------------------------------------------------------------------------------
---------------------------------------------------------------------------------
Start Handling Custom Attributes
---------------------------------------------------------------------------------
---------------------------------------------------------------------------------
Finished Handling Custom Attributes : Time (s): cpu = 00:00:05 ; elapsed = 00:00:05 . Memory (MB): peak = 2903.078 ; gain = 0.000 ; free physical = 2157 ; free virtual = 5928
---------------------------------------------------------------------------------
---------------------------------------------------------------------------------
Finished RTL Optimization Phase 1 : Time (s): cpu = 00:00:05 ; elapsed = 00:00:05 . Memory (MB): peak = 2903.078 ; gain = 0.000 ; free physical = 2157 ; free virtual = 5928
---------------------------------------------------------------------------------
Netlist sorting complete. Time (s): cpu = 00:00:00 ; elapsed = 00:00:00.01 . Memory (MB): peak = 2903.078 ; gain = 0.000 ; free physical = 2157 ; free virtual = 5928
INFO: [Project 1-570] Preparing netlist for logic optimization

Processing XDC Constraints
Initializing timing engine
Parsing XDC File [/home/ubuntu/Desktop/project_3/project_3.srcs/constrs_1/new/constraints.xdc]
Finished Parsing XDC File [/home/ubuntu/Desktop/project_3/project_3.srcs/constrs_1/new/constraints.xdc]
Completed Processing XDC Constraints

Netlist sorting complete. Time (s): cpu = 00:00:00 ; elapsed = 00:00:00.01 . Memory (MB): peak = 2919.086 ; gain = 0.000 ; free physical = 2073 ; free virtual = 5845
INFO: [Project 1-111] Unisim Transformation Summary:
No Unisim elements were transformed.

Constraint Validation Runtime : Time (s): cpu = 00:00:00.01 ; elapsed = 00:00:00 . Memory (MB): peak = 2919.086 ; gain = 0.000 ; free physical = 2073 ; free virtual = 5845
INFO: [Designutils 20-5440] No compile time benefit to using incremental synthesis; A full resynthesis will be run
INFO: [Designutils 20-4379] Flow is switching to default flow due to incremental criteria not met. If you would like to alter this behaviour and have the flow terminate instead, please set the following parameter config_implementation {autoIncr.Synth.RejectBehavior Terminate}
---------------------------------------------------------------------------------
Finished Constraint Validation : Time (s): cpu = 00:00:10 ; elapsed = 00:00:11 . Memory (MB): peak = 2919.086 ; gain = 16.008 ; free physical = 2139 ; free virtual = 5910
---------------------------------------------------------------------------------
---------------------------------------------------------------------------------
Start Loading Part and Timing Information
---------------------------------------------------------------------------------
Loading part: xc7z020clg400-1
---------------------------------------------------------------------------------
Finished Loading Part and Timing Information : Time (s): cpu = 00:00:10 ; elapsed = 00:00:11 . Memory (MB): peak = 2919.086 ; gain = 16.008 ; free physical = 2139 ; free virtual = 5910
---------------------------------------------------------------------------------
---------------------------------------------------------------------------------
Start Applying 'set_property' XDC Constraints
---------------------------------------------------------------------------------
---------------------------------------------------------------------------------
Finished applying 'set_property' XDC Constraints : Time (s): cpu = 00:00:10 ; elapsed = 00:00:11 . Memory (MB): peak = 2919.086 ; gain = 16.008 ; free physical = 2139 ; free virtual = 5910
---------------------------------------------------------------------------------
WARNING: [Synth 8-327] inferring latch for variable 'rdata_reg' [/home/ubuntu/Desktop/project_3/project_3.srcs/sources_1/new/user_proj_example.counter.v:444]
WARNING: [Synth 8-327] inferring latch for variable 'sm_tdata' [/home/ubuntu/Desktop/project_3/project_3.srcs/sources_1/new/user_proj_example.counter.v:469]
WARNING: [Synth 8-327] inferring latch for variable 'addr' [/home/ubuntu/Desktop/project_3/project_3.srcs/sources_1/new/user_proj_example.counter.v:369]
WARNING: [Synth 8-327] inferring latch for variable 'tap_Di' [/home/ubuntu/Desktop/project_3/project_3.srcs/sources_1/new/user_proj_example.counter.v:373]
WARNING: [Synth 8-327] inferring latch for variable 'tap_A' [/home/ubuntu/Desktop/project_3/project_3.srcs/sources_1/new/user_proj_example.counter.v:374]
WARNING: [Synth 8-327] inferring latch for variable 'data_Di' [/home/ubuntu/Desktop/project_3/project_3.srcs/sources_1/new/user_proj_example.counter.v:388]
WARNING: [Synth 8-327] inferring latch for variable 'next_state_reg' [/home/ubuntu/Desktop/project_3/project_3.srcs/sources_1/new/user_proj_example.counter.v:197]
---------------------------------------------------------------------------------
Finished RTL Optimization Phase 2 : Time (s): cpu = 00:00:11 ; elapsed = 00:00:12 . Memory (MB): peak = 2919.086 ; gain = 16.008 ; free physical = 2129 ; free virtual = 5901
---------------------------------------------------------------------------------
---------------------------------------------------------------------------------
Start RTL Component Statistics 
---------------------------------------------------------------------------------
Detailed RTL Component Info : 
+---Adders : 
	   2 Input   32 Bit       Adders := 2     
	   2 Input   16 Bit       Adders := 1     
	   2 Input   12 Bit       Adders := 5     
+---Registers : 
	               32 Bit    Registers := 5     
	               16 Bit    Registers := 1     
	               12 Bit    Registers := 4     
	                3 Bit    Registers := 1     
	                1 Bit    Registers := 7     
+---Multipliers : 
	               4x32  Multipliers := 1     
	              32x32  Multipliers := 1     
+---RAMs : 
	              32K Bit	(1024 X 32 bit)          RAMs := 1     
	              352 Bit	(11 X 32 bit)          RAMs := 2     
+---Muxes : 
	   2 Input   32 Bit        Muxes := 23    
	   2 Input   16 Bit        Muxes := 1     
	   4 Input   12 Bit        Muxes := 1     
	   2 Input   12 Bit        Muxes := 6     
	   6 Input   12 Bit        Muxes := 1     
	   2 Input    8 Bit        Muxes := 3     
	   2 Input    5 Bit        Muxes := 2     
	   2 Input    4 Bit        Muxes := 1     
	   2 Input    3 Bit        Muxes := 1     
	   2 Input    2 Bit        Muxes := 1     
	   2 Input    1 Bit        Muxes := 10    
	   6 Input    1 Bit        Muxes := 1     
---------------------------------------------------------------------------------
Finished RTL Component Statistics 
---------------------------------------------------------------------------------
---------------------------------------------------------------------------------
Start Part Resource Summary
---------------------------------------------------------------------------------
Part Resources:
DSPs: 220 (col length:60)
BRAMs: 280 (col length: RAMB18 60 RAMB36 30)
---------------------------------------------------------------------------------
Finished Part Resource Summary
---------------------------------------------------------------------------------
---------------------------------------------------------------------------------
Start Cross Boundary and Area Optimization
---------------------------------------------------------------------------------
WARNING: [Synth 8-7080] Parallel synthesis criteria is not met
WARNING: [Synth 8-3936] Found unconnected internal register 'tap_RAM/r_A_reg' and it is trimmed from '12' to '6' bits. [/home/ubuntu/Desktop/project_3/project_3.srcs/sources_1/new/bram11.v:25]
DSP Report: Generating DSP user_fir/temp1, operation Mode is: A*B.
DSP Report: operator user_fir/temp1 is absorbed into DSP user_fir/temp1.
DSP Report: operator user_fir/temp1 is absorbed into DSP user_fir/temp1.
DSP Report: Generating DSP user_fir/temp1, operation Mode is: (PCIN>>17)+A*B.
DSP Report: operator user_fir/temp1 is absorbed into DSP user_fir/temp1.
DSP Report: operator user_fir/temp1 is absorbed into DSP user_fir/temp1.
DSP Report: Generating DSP user_fir/temp1, operation Mode is: A*B.
DSP Report: operator user_fir/temp1 is absorbed into DSP user_fir/temp1.
DSP Report: operator user_fir/temp1 is absorbed into DSP user_fir/temp1.
DSP Report: Generating DSP user_fir/temp1, operation Mode is: (PCIN>>17)+A*B.
DSP Report: operator user_fir/temp1 is absorbed into DSP user_fir/temp1.
DSP Report: operator user_fir/temp1 is absorbed into DSP user_fir/temp1.
WARNING: [Synth 8-3332] Sequential element (user_fir/rdata_reg[31]) is unused and will be removed from module user_proj_example.
WARNING: [Synth 8-3332] Sequential element (user_fir/rdata_reg[30]) is unused and will be removed from module user_proj_example.
WARNING: [Synth 8-3332] Sequential element (user_fir/rdata_reg[29]) is unused and will be removed from module user_proj_example.
WARNING: [Synth 8-3332] Sequential element (user_fir/rdata_reg[28]) is unused and will be removed from module user_proj_example.
WARNING: [Synth 8-3332] Sequential element (user_fir/rdata_reg[27]) is unused and will be removed from module user_proj_example.
WARNING: [Synth 8-3332] Sequential element (user_fir/rdata_reg[26]) is unused and will be removed from module user_proj_example.
WARNING: [Synth 8-3332] Sequential element (user_fir/rdata_reg[25]) is unused and will be removed from module user_proj_example.
WARNING: [Synth 8-3332] Sequential element (user_fir/rdata_reg[24]) is unused and will be removed from module user_proj_example.
WARNING: [Synth 8-3332] Sequential element (user_fir/rdata_reg[23]) is unused and will be removed from module user_proj_example.
WARNING: [Synth 8-3332] Sequential element (user_fir/rdata_reg[22]) is unused and will be removed from module user_proj_example.
WARNING: [Synth 8-3332] Sequential element (user_fir/rdata_reg[21]) is unused and will be removed from module user_proj_example.
WARNING: [Synth 8-3332] Sequential element (user_fir/rdata_reg[20]) is unused and will be removed from module user_proj_example.
WARNING: [Synth 8-3332] Sequential element (user_fir/rdata_reg[19]) is unused and will be removed from module user_proj_example.
WARNING: [Synth 8-3332] Sequential element (user_fir/rdata_reg[18]) is unused and will be removed from module user_proj_example.
WARNING: [Synth 8-3332] Sequential element (user_fir/rdata_reg[17]) is unused and will be removed from module user_proj_example.
WARNING: [Synth 8-3332] Sequential element (user_fir/rdata_reg[16]) is unused and will be removed from module user_proj_example.
WARNING: [Synth 8-3332] Sequential element (user_fir/rdata_reg[15]) is unused and will be removed from module user_proj_example.
WARNING: [Synth 8-3332] Sequential element (user_fir/rdata_reg[14]) is unused and will be removed from module user_proj_example.
WARNING: [Synth 8-3332] Sequential element (user_fir/rdata_reg[13]) is unused and will be removed from module user_proj_example.
WARNING: [Synth 8-3332] Sequential element (user_fir/rdata_reg[12]) is unused and will be removed from module user_proj_example.
WARNING: [Synth 8-3332] Sequential element (user_fir/rdata_reg[11]) is unused and will be removed from module user_proj_example.
WARNING: [Synth 8-3332] Sequential element (user_fir/rdata_reg[10]) is unused and will be removed from module user_proj_example.
WARNING: [Synth 8-3332] Sequential element (user_fir/rdata_reg[9]) is unused and will be removed from module user_proj_example.
WARNING: [Synth 8-3332] Sequential element (user_fir/rdata_reg[8]) is unused and will be removed from module user_proj_example.
WARNING: [Synth 8-3332] Sequential element (user_fir/rdata_reg[7]) is unused and will be removed from module user_proj_example.
WARNING: [Synth 8-3332] Sequential element (user_fir/rdata_reg[6]) is unused and will be removed from module user_proj_example.
WARNING: [Synth 8-3332] Sequential element (user_fir/rdata_reg[5]) is unused and will be removed from module user_proj_example.
WARNING: [Synth 8-3332] Sequential element (user_fir/rdata_reg[4]) is unused and will be removed from module user_proj_example.
WARNING: [Synth 8-3332] Sequential element (user_fir/rdata_reg[3]) is unused and will be removed from module user_proj_example.
WARNING: [Synth 8-3332] Sequential element (user_fir/rdata_reg[2]) is unused and will be removed from module user_proj_example.
WARNING: [Synth 8-3332] Sequential element (user_fir/rdata_reg[1]) is unused and will be removed from module user_proj_example.
WARNING: [Synth 8-3332] Sequential element (user_fir/rdata_reg[0]) is unused and will be removed from module user_proj_example.
WARNING: [Synth 8-3332] Sequential element (user_fir/addr[-1111111110]) is unused and will be removed from module user_proj_example.
WARNING: [Synth 8-3332] Sequential element (user_fir/addr[-1111111111]) is unused and will be removed from module user_proj_example.
WARNING: [Synth 8-3332] Sequential element (user_fir/tap_A[-1111111100]) is unused and will be removed from module user_proj_example.
WARNING: [Synth 8-3332] Sequential element (user_fir/tap_A[-1111111101]) is unused and will be removed from module user_proj_example.
WARNING: [Synth 8-3332] Sequential element (user_fir/tap_A[-1111111102]) is unused and will be removed from module user_proj_example.
WARNING: [Synth 8-3332] Sequential element (user_fir/tap_A[-1111111103]) is unused and will be removed from module user_proj_example.
WARNING: [Synth 8-3332] Sequential element (user_fir/tap_A[-1111111104]) is unused and will be removed from module user_proj_example.
WARNING: [Synth 8-3332] Sequential element (user_fir/tap_A[-1111111105]) is unused and will be removed from module user_proj_example.
WARNING: [Synth 8-3332] Sequential element (user_fir/tap_A[-1111111110]) is unused and will be removed from module user_proj_example.
WARNING: [Synth 8-3332] Sequential element (user_fir/tap_A[-1111111111]) is unused and will be removed from module user_proj_example.
WARNING: [Synth 8-3332] Sequential element (user_fir/data_Di[-1111111080]) is unused and will be removed from module user_proj_example.
WARNING: [Synth 8-3332] Sequential element (user_fir/data_Di[-1111111081]) is unused and will be removed from module user_proj_example.
WARNING: [Synth 8-3332] Sequential element (user_fir/data_Di[-1111111082]) is unused and will be removed from module user_proj_example.
WARNING: [Synth 8-3332] Sequential element (user_fir/data_Di[-1111111083]) is unused and will be removed from module user_proj_example.
WARNING: [Synth 8-3332] Sequential element (user_fir/data_Di[-1111111084]) is unused and will be removed from module user_proj_example.
WARNING: [Synth 8-3332] Sequential element (user_fir/data_Di[-1111111085]) is unused and will be removed from module user_proj_example.
WARNING: [Synth 8-3332] Sequential element (user_fir/data_Di[-1111111086]) is unused and will be removed from module user_proj_example.
WARNING: [Synth 8-3332] Sequential element (user_fir/data_Di[-1111111087]) is unused and will be removed from module user_proj_example.
WARNING: [Synth 8-3332] Sequential element (user_fir/data_Di[-1111111088]) is unused and will be removed from module user_proj_example.
WARNING: [Synth 8-3332] Sequential element (user_fir/data_Di[-1111111089]) is unused and will be removed from module user_proj_example.
WARNING: [Synth 8-3332] Sequential element (user_fir/data_Di[-1111111090]) is unused and will be removed from module user_proj_example.
WARNING: [Synth 8-3332] Sequential element (user_fir/data_Di[-1111111091]) is unused and will be removed from module user_proj_example.
WARNING: [Synth 8-3332] Sequential element (user_fir/data_Di[-1111111092]) is unused and will be removed from module user_proj_example.
WARNING: [Synth 8-3332] Sequential element (user_fir/data_Di[-1111111093]) is unused and will be removed from module user_proj_example.
WARNING: [Synth 8-3332] Sequential element (user_fir/data_Di[-1111111094]) is unused and will be removed from module user_proj_example.
WARNING: [Synth 8-3332] Sequential element (user_fir/data_Di[-1111111095]) is unused and will be removed from module user_proj_example.
WARNING: [Synth 8-3332] Sequential element (user_fir/data_Di[-1111111096]) is unused and will be removed from module user_proj_example.
WARNING: [Synth 8-3332] Sequential element (user_fir/data_Di[-1111111097]) is unused and will be removed from module user_proj_example.
WARNING: [Synth 8-3332] Sequential element (user_fir/data_Di[-1111111098]) is unused and will be removed from module user_proj_example.
WARNING: [Synth 8-3332] Sequential element (user_fir/data_Di[-1111111099]) is unused and will be removed from module user_proj_example.
WARNING: [Synth 8-3332] Sequential element (user_fir/data_Di[-1111111100]) is unused and will be removed from module user_proj_example.
WARNING: [Synth 8-3332] Sequential element (user_fir/data_Di[-1111111101]) is unused and will be removed from module user_proj_example.
WARNING: [Synth 8-3332] Sequential element (user_fir/data_Di[-1111111102]) is unused and will be removed from module user_proj_example.
WARNING: [Synth 8-3332] Sequential element (user_fir/data_Di[-1111111103]) is unused and will be removed from module user_proj_example.
WARNING: [Synth 8-3332] Sequential element (user_fir/data_Di[-1111111104]) is unused and will be removed from module user_proj_example.
WARNING: [Synth 8-3332] Sequential element (user_fir/data_Di[-1111111105]) is unused and will be removed from module user_proj_example.
WARNING: [Synth 8-3332] Sequential element (user_fir/data_Di[-1111111106]) is unused and will be removed from module user_proj_example.
WARNING: [Synth 8-3332] Sequential element (user_fir/data_Di[-1111111107]) is unused and will be removed from module user_proj_example.
WARNING: [Synth 8-3332] Sequential element (user_fir/data_Di[-1111111108]) is unused and will be removed from module user_proj_example.
WARNING: [Synth 8-3332] Sequential element (user_fir/data_Di[-1111111109]) is unused and will be removed from module user_proj_example.
WARNING: [Synth 8-3332] Sequential element (user_fir/data_Di[-1111111110]) is unused and will be removed from module user_proj_example.
WARNING: [Synth 8-3332] Sequential element (user_fir/data_Di[-1111111111]) is unused and will be removed from module user_proj_example.
---------------------------------------------------------------------------------
Finished Cross Boundary and Area Optimization : Time (s): cpu = 00:00:14 ; elapsed = 00:00:15 . Memory (MB): peak = 2919.086 ; gain = 16.008 ; free physical = 2105 ; free virtual = 5882
---------------------------------------------------------------------------------
---------------------------------------------------------------------------------
Start ROM, RAM, DSP, Shift Register and Retiming Reporting
---------------------------------------------------------------------------------

Block RAM: Preliminary Mapping Report (see note below)
+------------------+-------------------+------------------------+---+---+------------------------+---+---+------------------+--------+--------+
|Module Name       | RTL Object        | PORT A (Depth x Width) | W | R | PORT B (Depth x Width) | W | R | Ports driving FF | RAMB18 | RAMB36 | 
+------------------+-------------------+------------------------+---+---+------------------------+---+---+------------------+--------+--------+
|user_proj_example | user_bram/RAM_reg | 1 K x 32(READ_FIRST)   | W |   | 1 K x 32(WRITE_FIRST)  |   | R | Port A and B     | 0      | 1      | 
+------------------+-------------------+------------------------+---+---+------------------------+---+---+------------------+--------+--------+

Note: The table above is a preliminary report that shows the Block RAMs at the current stage of the synthesis flow. Some Block RAMs may be reimplemented as non Block RAM primitives later in the synthesis flow. Multiple instantiated Block RAMs are reported only once. 

Distributed RAM: Preliminary Mapping Report (see note below)
+------------------+------------------+-----------+----------------------+----------------+
|Module Name       | RTL Object       | Inference | Size (Depth x Width) | Primitives     | 
+------------------+------------------+-----------+----------------------+----------------+
|user_proj_example | tap_RAM/RAM_reg  | Implied   | 16 x 32              | RAM16X1D x 32  | 
|user_proj_example | data_RAM/RAM_reg | Implied   | 16 x 32              | RAM16X1D x 32  | 
+------------------+------------------+-----------+----------------------+----------------+

Note: The table above is a preliminary report that shows the Distributed RAMs at the current stage of the synthesis flow. Some Distributed RAMs may be reimplemented as non Distributed RAM primitives later in the synthesis flow. Multiple instantiated RAMs are reported only once.

DSP: Preliminary Mapping Report (see note below. The ' indicates corresponding REG is set)
+------------------+----------------+--------+--------+--------+--------+--------+------+------+------+------+-------+------+------+
|Module Name       | DSP Mapping    | A Size | B Size | C Size | D Size | P Size | AREG | BREG | CREG | DREG | ADREG | MREG | PREG | 
+------------------+----------------+--------+--------+--------+--------+--------+------+------+------+------+-------+------+------+
|user_proj_example | A*B            | 18     | 16     | -      | -      | 48     | 0    | 0    | -    | -    | -     | 0    | 0    | 
|user_proj_example | (PCIN>>17)+A*B | 16     | 16     | -      | -      | 48     | 0    | 0    | -    | -    | -     | 0    | 0    | 
|user_proj_example | A*B            | 18     | 18     | -      | -      | 48     | 0    | 0    | -    | -    | -     | 0    | 0    | 
|user_proj_example | (PCIN>>17)+A*B | 18     | 16     | -      | -      | 48     | 0    | 0    | -    | -    | -     | 0    | 0    | 
+------------------+----------------+--------+--------+--------+--------+--------+------+------+------+------+-------+------+------+

Note: The table above is a preliminary report that shows the DSPs inferred at the current stage of the synthesis flow. Some DSP may be reimplemented as non DSP primitives later in the synthesis flow. Multiple instantiated DSPs are reported only once.
---------------------------------------------------------------------------------
Finished ROM, RAM, DSP, Shift Register and Retiming Reporting
---------------------------------------------------------------------------------
---------------------------------------------------------------------------------
Start Applying XDC Timing Constraints
---------------------------------------------------------------------------------
---------------------------------------------------------------------------------
Finished Applying XDC Timing Constraints : Time (s): cpu = 00:00:20 ; elapsed = 00:00:21 . Memory (MB): peak = 2919.086 ; gain = 16.008 ; free physical = 1963 ; free virtual = 5740
---------------------------------------------------------------------------------
---------------------------------------------------------------------------------
Start Timing Optimization
---------------------------------------------------------------------------------
---------------------------------------------------------------------------------
Finished Timing Optimization : Time (s): cpu = 00:00:21 ; elapsed = 00:00:22 . Memory (MB): peak = 2919.086 ; gain = 16.008 ; free physical = 1934 ; free virtual = 5711
---------------------------------------------------------------------------------
---------------------------------------------------------------------------------
Start ROM, RAM, DSP, Shift Register and Retiming Reporting
---------------------------------------------------------------------------------

Block RAM: Final Mapping Report
+------------------+-------------------+------------------------+---+---+------------------------+---+---+------------------+--------+--------+
|Module Name       | RTL Object        | PORT A (Depth x Width) | W | R | PORT B (Depth x Width) | W | R | Ports driving FF | RAMB18 | RAMB36 | 
+------------------+-------------------+------------------------+---+---+------------------------+---+---+------------------+--------+--------+
|user_proj_example | user_bram/RAM_reg | 1 K x 32(READ_FIRST)   | W |   | 1 K x 32(WRITE_FIRST)  |   | R | Port A and B     | 0      | 1      | 
+------------------+-------------------+------------------------+---+---+------------------------+---+---+------------------+--------+--------+


Distributed RAM: Final Mapping Report
+------------------+------------------+-----------+----------------------+----------------+
|Module Name       | RTL Object       | Inference | Size (Depth x Width) | Primitives     | 
+------------------+------------------+-----------+----------------------+----------------+
|user_proj_example | tap_RAM/RAM_reg  | Implied   | 16 x 32              | RAM16X1D x 32  | 
|user_proj_example | data_RAM/RAM_reg | Implied   | 16 x 32              | RAM16X1D x 32  | 
+------------------+------------------+-----------+----------------------+----------------+

---------------------------------------------------------------------------------
Finished ROM, RAM, DSP, Shift Register and Retiming Reporting
---------------------------------------------------------------------------------
---------------------------------------------------------------------------------
Start Technology Mapping
---------------------------------------------------------------------------------
INFO: [Synth 8-7052] The timing for the instance user_bram/RAM_reg (implemented as a Block RAM) might be sub-optimal as no optional output register could be merged into the ram block. Providing additional output register may help in improving timing.
---------------------------------------------------------------------------------
Finished Technology Mapping : Time (s): cpu = 00:00:21 ; elapsed = 00:00:22 . Memory (MB): peak = 2919.086 ; gain = 16.008 ; free physical = 1931 ; free virtual = 5708
---------------------------------------------------------------------------------
---------------------------------------------------------------------------------
Start IO Insertion
---------------------------------------------------------------------------------
---------------------------------------------------------------------------------
Start Flattening Before IO Insertion
---------------------------------------------------------------------------------
---------------------------------------------------------------------------------
Finished Flattening Before IO Insertion
---------------------------------------------------------------------------------
---------------------------------------------------------------------------------
Start Final Netlist Cleanup
---------------------------------------------------------------------------------
---------------------------------------------------------------------------------
Finished Final Netlist Cleanup
---------------------------------------------------------------------------------
---------------------------------------------------------------------------------
Finished IO Insertion : Time (s): cpu = 00:00:25 ; elapsed = 00:00:26 . Memory (MB): peak = 2919.086 ; gain = 16.008 ; free physical = 1930 ; free virtual = 5707
---------------------------------------------------------------------------------
---------------------------------------------------------------------------------
Start Renaming Generated Instances
---------------------------------------------------------------------------------
---------------------------------------------------------------------------------
Finished Renaming Generated Instances : Time (s): cpu = 00:00:25 ; elapsed = 00:00:26 . Memory (MB): peak = 2919.086 ; gain = 16.008 ; free physical = 1930 ; free virtual = 5707
---------------------------------------------------------------------------------
---------------------------------------------------------------------------------
Start Rebuilding User Hierarchy
---------------------------------------------------------------------------------
---------------------------------------------------------------------------------
Finished Rebuilding User Hierarchy : Time (s): cpu = 00:00:25 ; elapsed = 00:00:26 . Memory (MB): peak = 2919.086 ; gain = 16.008 ; free physical = 1930 ; free virtual = 5707
---------------------------------------------------------------------------------
---------------------------------------------------------------------------------
Start Renaming Generated Ports
---------------------------------------------------------------------------------
---------------------------------------------------------------------------------
Finished Renaming Generated Ports : Time (s): cpu = 00:00:25 ; elapsed = 00:00:26 . Memory (MB): peak = 2919.086 ; gain = 16.008 ; free physical = 1930 ; free virtual = 5707
---------------------------------------------------------------------------------
---------------------------------------------------------------------------------
Start Handling Custom Attributes
---------------------------------------------------------------------------------
---------------------------------------------------------------------------------
Finished Handling Custom Attributes : Time (s): cpu = 00:00:25 ; elapsed = 00:00:26 . Memory (MB): peak = 2919.086 ; gain = 16.008 ; free physical = 1930 ; free virtual = 5707
---------------------------------------------------------------------------------
---------------------------------------------------------------------------------
Start Renaming Generated Nets
---------------------------------------------------------------------------------
---------------------------------------------------------------------------------
Finished Renaming Generated Nets : Time (s): cpu = 00:00:25 ; elapsed = 00:00:26 . Memory (MB): peak = 2919.086 ; gain = 16.008 ; free physical = 1930 ; free virtual = 5707
---------------------------------------------------------------------------------
---------------------------------------------------------------------------------
Start Writing Synthesis Report
---------------------------------------------------------------------------------

DSP Final Report (the ' indicates corresponding REG is set)
+------------------+--------------+--------+--------+--------+--------+--------+------+------+------+------+-------+------+------+
|Module Name       | DSP Mapping  | A Size | B Size | C Size | D Size | P Size | AREG | BREG | CREG | DREG | ADREG | MREG | PREG | 
+------------------+--------------+--------+--------+--------+--------+--------+------+------+------+------+-------+------+------+
|user_proj_example | A*B          | 17     | 15     | -      | -      | 48     | 0    | 0    | -    | -    | -     | 0    | 0    | 
|user_proj_example | A*B          | 17     | 17     | -      | -      | 48     | 0    | 0    | -    | -    | -     | 0    | 0    | 
|user_proj_example | PCIN>>17+A*B | 0      | 15     | -      | -      | 48     | 0    | 0    | -    | -    | -     | 0    | 0    | 
+------------------+--------------+--------+--------+--------+--------+--------+------+------+------+------+-------+------+------+


Report BlackBoxes: 
+-+--------------+----------+
| |BlackBox name |Instances |
+-+--------------+----------+
+-+--------------+----------+

Report Cell Usage: 
+------+---------+------+
|      |Cell     |Count |
+------+---------+------+
|1     |BUFG     |     5|
|2     |CARRY4   |    71|
|3     |DSP48E1  |     3|
|4     |LUT1     |    19|
|5     |LUT2     |   185|
|6     |LUT3     |    30|
|7     |LUT4     |    56|
|8     |LUT5     |    32|
|9     |LUT6     |   116|
|10    |RAM16X1D |    64|
|11    |RAMB36E1 |     1|
|12    |FDRE     |   286|
|13    |FDSE     |     6|
|14    |LD       |    81|
|15    |IBUF     |    85|
|16    |OBUF     |   242|
+------+---------+------+
---------------------------------------------------------------------------------
Finished Writing Synthesis Report : Time (s): cpu = 00:00:25 ; elapsed = 00:00:26 . Memory (MB): peak = 2919.086 ; gain = 16.008 ; free physical = 1930 ; free virtual = 5707
---------------------------------------------------------------------------------
Synthesis finished with 0 errors, 0 critical warnings and 345 warnings.
Synthesis Optimization Runtime : Time (s): cpu = 00:00:23 ; elapsed = 00:00:24 . Memory (MB): peak = 2919.086 ; gain = 0.000 ; free physical = 2001 ; free virtual = 5778
Synthesis Optimization Complete : Time (s): cpu = 00:00:25 ; elapsed = 00:00:26 . Memory (MB): peak = 2919.094 ; gain = 16.008 ; free physical = 2001 ; free virtual = 5778
INFO: [Project 1-571] Translating synthesized netlist
Netlist sorting complete. Time (s): cpu = 00:00:00 ; elapsed = 00:00:00.01 . Memory (MB): peak = 2919.094 ; gain = 0.000 ; free physical = 2092 ; free virtual = 5869
INFO: [Netlist 29-17] Analyzing 220 Unisim elements for replacement
INFO: [Netlist 29-28] Unisim Transformation completed in 0 CPU seconds
INFO: [Project 1-570] Preparing netlist for logic optimization
INFO: [Opt 31-138] Pushed 1 inverter(s) to 4 load pin(s).
Netlist sorting complete. Time (s): cpu = 00:00:00 ; elapsed = 00:00:00 . Memory (MB): peak = 2919.094 ; gain = 0.000 ; free physical = 2039 ; free virtual = 5816
INFO: [Project 1-111] Unisim Transformation Summary:
  A total of 145 instances were transformed.
  LD => LDCE: 77 instances
  LD => LDCE (inverted pins: G): 4 instances
  RAM16X1D => RAM32X1D (RAMD32(x2)): 64 instances

Synth Design complete, checksum: fdc40978
INFO: [Common 17-83] Releasing license: Synthesis
33 Infos, 291 Warnings, 0 Critical Warnings and 0 Errors encountered.
synth_design completed successfully
synth_design: Time (s): cpu = 00:00:33 ; elapsed = 00:00:31 . Memory (MB): peak = 2919.094 ; gain = 16.016 ; free physical = 2262 ; free virtual = 6039
INFO: [Common 17-1381] The checkpoint '/home/ubuntu/Desktop/project_3/project_3.runs/synth_1/user_proj_example.dcp' has been generated.
INFO: [runtcl-4] Executing : report_utilization -file user_proj_example_utilization_synth.rpt -pb user_proj_example_utilization_synth.pb
INFO: [Common 17-206] Exiting Vivado at Tue Nov  7 04:17:05 2023...
